
GET / 17-05-2024_10:21:38
GET /favicon.ico 17-05-2024_10:21:39
GET /api/contacts 17-05-2024_10:24:14
GET /api/contacts 17-05-2024_10:25:09
GET /api/contacts 17-05-2024_10:26:18
GET /api/contacts 17-05-2024_10:28:20
GET /api/contacts 17-05-2024_10:29:01
GET /api/contacts 17-05-2024_10:36:14
POST /register 17-05-2024_01:38:01
POST /userevent/register 17-05-2024_01:38:58
POST /userevent/register 17-05-2024_01:41:01
POST /userevent/register 17-05-2024_01:41:46
POST /userevent/register 17-05-2024_01:42:05
POST /userevent/register 17-05-2024_01:43:32
GET /api/events 17-05-2024_03:51:03
GET /api/events/ 17-05-2024_03:52:59
GET /api/events/ 17-05-2024_07:18:54
GET /api/events/ 18-05-2024_10:57:51
POST /userevent/register 18-05-2024_11:03:24
POST /userevent/register 18-05-2024_11:05:07
POST /userevent/register 18-05-2024_11:07:21
POST /userevent/register 18-05-2024_11:21:54
POST /userevent/register 18-05-2024_11:24:56
POST /userevent/register 18-05-2024_11:26:58
GET /api/events/ 18-05-2024_11:27:43
GET /api/events/ 18-05-2024_11:31:12
GET /api/events/ 18-05-2024_11:31:39
GET /api/events/ 18-05-2024_11:42:00
GET /api/events/ 18-05-2024_11:42:40
GET /api/events/?page%20=%201&limit%20=%2010 18-05-2024_11:43:44
GET /api/events/?page%20=%201&limit%20=%2010 18-05-2024_11:43:53
GET /api/events/?page=1&limit=10 18-05-2024_11:44:17
GET /api/events/?page=1&limit=10 18-05-2024_11:47:42
GET /api/events/?page=1&limit=10 18-05-2024_11:48:25
GET /api/events/?page=1&limit=10 18-05-2024_11:49:35
GET /api/events/ 18-05-2024_11:50:12
GET /api/events/?page=1&limit=10 18-05-2024_11:51:49
GET /api/events/?page=1&limit=10 18-05-2024_11:54:49